Clide.DevEnvFactory|Start|0|Initializing development environment composition.|2018-04-06 02:04:55Z
Clide.DevEnvFactory|Information|0|Extension manifest for hosting package found at 'C:\Program Files (x86)\Microsoft Visual Studio\2017\Community\Common7\IDE\Extensions\Xamarin.VisualStudio\extension.vsixmanifest'.|2018-04-06 02:04:55Z
Clide.DevEnvFactory|Stop|0|Initializing development environment composition.|2018-04-06 02:04:55Z
Clide.Host|Start|0|Initializing package|2018-04-06 02:04:55Z
Clide.HostImpl|Transfer|0|Transfer, relatedActivityId=9b4e7cd2-443b-434b-947f-8f819221e362|2018-04-06 02:04:55Z
Clide.HostImpl|Start|0|Registering package commands|2018-04-06 02:04:55Z
Clide.HostImpl|Stop|0|Registering package commands|2018-04-06 02:04:55Z
Clide.HostImpl|Transfer|0|Transfer, relatedActivityId=a5fb1bd7-d1c3-4218-b505-162d8ba63a52|2018-04-06 02:04:55Z
Clide.Host|Information|0|Package initialization finished successfully|2018-04-06 02:04:55Z
Clide.Host|Stop|0|Initializing package|2018-04-06 02:04:55Z
Clide.DevEnvFactory|Start|0|Initializing development environment composition.|2018-04-06 02:04:55Z
Clide.DevEnvFactory|Information|0|Extension manifest for hosting package found at 'C:\Program Files (x86)\Microsoft Visual Studio\2017\Community\Common7\IDE\Extensions\Xamarin.VisualStudio\extension.vsixmanifest'.|2018-04-06 02:04:55Z
Clide.DevEnvFactory|Stop|0|Initializing development environment composition.|2018-04-06 02:04:55Z
Xamarin.VisualStudio.TastyPackage|Information|0|Hooked up SDB tracing adapter|2018-04-06 02:04:55Z
Xamarin.VisualStudio.TastyPackage|Information|0|Initialization finished|2018-04-06 02:04:55Z
Clide.OutputWindowManager|Start|0|Initializing trace output pane 'Xamarin'.|2018-04-06 02:04:55Z
Clide.OutputWindowManager|Verbose|0|Retrieving potentially existing output pane 'Xamarin'.|2018-04-06 02:04:55Z
Clide.OutputWindowManager|Verbose|0|Creating output pane 'Xamarin' since it doesn't exist already.|2018-04-06 02:04:55Z
Clide.OutputWindowManager|Stop|0|Initializing trace output pane 'Xamarin'.|2018-04-06 02:04:56Z
Xamarin|Information|0|Xamarin - 4.5.0.443-d15-2+c871575|2018-04-06 02:04:56Z
Xamarin.VisualStudio.Activation.AccountManager|Information|0|VS2016 Community|2018-04-06 02:04:56Z
Xamarin.VisualStudio.Activation.ActivationManager|Information|0|No license found for iOS|2018-04-06 02:04:56Z
Xamarin.VisualStudio.Activation.ActivationManager|Information|0|Running license sync for iOS|2018-04-06 02:04:56Z
Xamarin.VisualStudio.Activation.ActivationManager|Information|0|Not logged in, using iOS Community|2018-04-06 02:04:56Z
Xamarin.VisualStudio.Activation.ActivationManager|Information|0|No license found for Android|2018-04-06 02:04:56Z
Xamarin.VisualStudio.Activation.ActivationManager|Information|0|Running license sync for Android|2018-04-06 02:04:56Z
Xamarin.VisualStudio.Activation.ActivationManager|Information|0|Not logged in, using Android Community|2018-04-06 02:04:56Z
Clide.DevEnvFactory|Start|0|Initializing development environment composition.|2018-04-06 02:04:56Z
Clide.DevEnvFactory|Information|0|Extension manifest for hosting package found at 'C:\Program Files (x86)\Microsoft Visual Studio\2017\Community\Common7\IDE\Extensions\Xamarin.VisualStudio\extension.vsixmanifest'.|2018-04-06 02:04:56Z
Clide.DevEnvFactory|Stop|0|Initializing development environment composition.|2018-04-06 02:04:56Z
Clide.Host|Start|0|Initializing package|2018-04-06 02:04:56Z
Clide.HostImpl|Transfer|0|Transfer, relatedActivityId=9f7f6ec6-56da-4ee8-9a20-17be1cb8c934|2018-04-06 02:04:56Z
Clide.HostImpl|Start|0|Registering package commands|2018-04-06 02:04:56Z
Clide.HostImpl|Stop|0|Registering package commands|2018-04-06 02:04:56Z
Clide.HostImpl|Transfer|0|Transfer, relatedActivityId=fb259c6c-d23b-44bd-986a-512e32634e45|2018-04-06 02:04:56Z
Clide.Host|Information|0|Package initialization finished successfully|2018-04-06 02:04:56Z
Clide.Host|Stop|0|Initializing package|2018-04-06 02:04:56Z
Xamarin.VisualStudio.TastyPackage|Information|0|Hooked up SDB tracing adapter|2018-04-06 02:04:56Z
Xamarin.VisualStudio.TastyPackage|Information|0|Initialization finished|2018-04-06 02:04:56Z
Xamarin.VisualStudio.Android.XamarinAndroidPackage|Warning|0|Initializing Xamarin.VisualStudio.Android.XamarinAndroidPackage|2018-04-06 02:04:56Z
Clide.OutputWindowManager|Start|0|Initializing trace output pane 'Xamarin Diagnostics'.|2018-04-06 02:04:56Z
Clide.OutputWindowManager|Verbose|0|Retrieving potentially existing output pane 'Xamarin Diagnostics'.|2018-04-06 02:04:56Z
Clide.OutputWindowManager|Verbose|0|Creating output pane 'Xamarin Diagnostics' since it doesn't exist already.|2018-04-06 02:04:56Z
Clide.OutputWindowManager|Stop|0|Initializing trace output pane 'Xamarin Diagnostics'.|2018-04-06 02:04:56Z
Clide.SettingsManager|Start|0|Reading settings from System.Object[]|2018-04-06 02:04:56Z
Xamarin.VisualStudio.Android.AndroidDeviceSettings|Verbose|0|BeginEdit|2018-04-06 02:04:56Z
Xamarin.VisualStudio.Android.AndroidDeviceSettings|Verbose|0|EndEdit|2018-04-06 02:04:56Z
Clide.SettingsManager|Stop|0|Reading settings from System.Object[]|2018-04-06 02:04:56Z
Xamarin.VisualStudio.ProcessManager+ProcessAdapter|Verbose|0|Starting Process: 04/05/2018 21:04:56|2018-04-06 02:04:56Z
Xamarin.VisualStudio.ProcessManager+ProcessAdapter|Verbose|0|Executable: where|2018-04-06 02:04:56Z
Xamarin.VisualStudio.ProcessManager+ProcessAdapter|Verbose|0|Arguments: javac|2018-04-06 02:04:56Z
Xamarin.VisualStudio.ProcessManager+ProcessAdapter|Verbose|0|Process Finished [-1]|2018-04-06 02:04:56Z
Xamarin.VisualStudio.Android.MonoAndroidFlavoredProject|Error|0|Error HRESULT E_FAIL has been returned from a call to a COM component.
System.Runtime.InteropServices.COMException (0x80004005): Error HRESULT E_FAIL has been returned from a call to a COM component.
   at System.Runtime.InteropServices.Marshal.ThrowExceptionForHRInternal(Int32 errorCode, IntPtr errorInfo)
   at Microsoft.VisualStudio.ErrorHandler.ThrowOnFailure(Int32 hr, Int32[] expectedHRFailure)
   at Microsoft.VisualStudio.Shell.Flavor.FlavoredProjectBase.GetGuidProperty(UInt32 itemId, Int32 propId)
   at Xamarin.VisualStudio.Android.MonoAndroidFlavoredProject.GetGuidProperty(UInt32 itemId, Int32 propId) in C:\d\lanes\4699\c8715752\source\xamarinvs\src\Core\VisualStudio.Android\ProjectSystem\MonoAndroidFlavoredProject.cs:line 335|2018-04-06 02:05:03Z
Xamarin.VisualStudio.ProjectFixerRunner|Information|0|Solution loaded: 'HelloAR'|2018-04-06 02:05:04Z
Xamarin.VisualStudio.ProjectFixerRunner|Information|0|running fixup on project 'C:\Users\master\Documents\TT1\Prototipo\XamarinComponents\Android\ARCore\samples\HelloAR\HelloAR.csproj'|2018-04-06 02:05:04Z
Xamarin.VisualStudio.ProjectFixerRunner|Information|0|running fixup on project 'C:\Users\master\Documents\TT1\Prototipo\XamarinComponents\Android\ARCore\samples\JavaGL\JavaGL.csproj'|2018-04-06 02:05:04Z
Xamarin.VisualStudio.ProjectFixerRunner|Information|0|running fixup on project 'C:\Users\master\Documents\TT1\Prototipo\XamarinComponents\Android\ARCore\source\Google.ARCore.csproj'|2018-04-06 02:05:04Z
Xamarin.VisualStudio.ProgressReport|Error|0|System.Exception: Failure [INSTALL_FAILED_ALREADY_EXISTS: Attempt to re-install Mono.Android.DebugRuntime without first uninstalling.]

   at Xamarin.VisualStudio.Android.Services.AndroidToolsBuildService.RunMSBuildTarget(Project project, IProgressReport progress, String msbuildTarget, IDictionary`2 properties, IDictionary`2 globalProperties, Boolean runInProc) in C:\d\lanes\4699\c8715752\source\xamarinvs\src\Core\VisualStudio.Android\Services\AndroidToolsBuildService.cs:line 156
   at Xamarin.VisualStudio.Android.Services.AndroidToolsBuildService.InstallPackage(Project project, IMonoAndroidDevice device, Boolean preserveDeviceData, IProgressReport progress, Boolean runInProc) in C:\d\lanes\4699\c8715752\source\xamarinvs\src\Core\VisualStudio.Android\Services\AndroidToolsBuildService.cs:line 114
   at Xamarin.VisualStudio.Android.CommandHandlers.DeployCommandHandler.ExecuteDeploy(Project project, IMonoAndroidDevice device, IAndroidProjectProperties projectProperties, IProgressReport progress, Boolean runInProc, CancellationToken cancellationToken) in C:\d\lanes\4699\c8715752\source\xamarinvs\src\Core\VisualStudio.Android\CommandHandlers\DeployCommandHandler.cs:line 150
   at Xamarin.VisualStudio.Android.CommandHandlers.DeployCommandHandler.Execute(DeployCommand command, IProgressReport progress, CancellationToken cancellationToken) in C:\d\lanes\4699\c8715752\source\xamarinvs\src\Core\VisualStudio.Android\CommandHandlers\DeployCommandHandler.cs:line 116
   at Xamarin.VisualStudio.Commands.CommandHandlerBase`2.Execute(TCommand command, CancellationToken cancellationToken)|2018-04-06 02:05:26Z
Clide.OutputWindowManager|Start|0|Initializing trace output pane 'Debug'.|2018-04-06 02:06:32Z
Clide.OutputWindowManager|Verbose|0|Retrieving potentially existing output pane 'Debug'.|2018-04-06 02:06:32Z
Clide.OutputWindowManager|Stop|0|Initializing trace output pane 'Debug'.|2018-04-06 02:06:32Z
Xamarin.VisualStudio.ProgressReport|Error|0|System.Exception: Failure [INSTALL_FAILED_ALREADY_EXISTS: Attempt to re-install Mono.Android.DebugRuntime without first uninstalling.]

   at Xamarin.VisualStudio.Android.Services.AndroidToolsBuildService.RunMSBuildTarget(Project project, IProgressReport progress, String msbuildTarget, IDictionary`2 properties, IDictionary`2 globalProperties, Boolean runInProc) in C:\d\lanes\4699\c8715752\source\xamarinvs\src\Core\VisualStudio.Android\Services\AndroidToolsBuildService.cs:line 156
   at Xamarin.VisualStudio.Android.Services.AndroidToolsBuildService.InstallPackage(Project project, IMonoAndroidDevice device, Boolean preserveDeviceData, IProgressReport progress, Boolean runInProc) in C:\d\lanes\4699\c8715752\source\xamarinvs\src\Core\VisualStudio.Android\Services\AndroidToolsBuildService.cs:line 114
   at Xamarin.VisualStudio.Android.CommandHandlers.DeployCommandHandler.ExecuteDeploy(Project project, IMonoAndroidDevice device, IAndroidProjectProperties projectProperties, IProgressReport progress, Boolean runInProc, CancellationToken cancellationToken) in C:\d\lanes\4699\c8715752\source\xamarinvs\src\Core\VisualStudio.Android\CommandHandlers\DeployCommandHandler.cs:line 150
   at Xamarin.VisualStudio.Android.CommandHandlers.DeployCommandHandler.Execute(DeployCommand command, IProgressReport progress, CancellationToken cancellationToken) in C:\d\lanes\4699\c8715752\source\xamarinvs\src\Core\VisualStudio.Android\CommandHandlers\DeployCommandHandler.cs:line 116
   at Xamarin.VisualStudio.Commands.CommandHandlerBase`2.Execute(TCommand command, CancellationToken cancellationToken)|2018-04-06 02:06:53Z
Xamarin.VisualStudio.ProgressReport|Error|0|System.Exception: Failure [INSTALL_FAILED_ALREADY_EXISTS: Attempt to re-install Mono.Android.DebugRuntime without first uninstalling.]

   at Xamarin.VisualStudio.Android.Services.AndroidToolsBuildService.RunMSBuildTarget(Project project, IProgressReport progress, String msbuildTarget, IDictionary`2 properties, IDictionary`2 globalProperties, Boolean runInProc) in C:\d\lanes\4699\c8715752\source\xamarinvs\src\Core\VisualStudio.Android\Services\AndroidToolsBuildService.cs:line 156
   at Xamarin.VisualStudio.Android.Services.AndroidToolsBuildService.InstallPackage(Project project, IMonoAndroidDevice device, Boolean preserveDeviceData, IProgressReport progress, Boolean runInProc) in C:\d\lanes\4699\c8715752\source\xamarinvs\src\Core\VisualStudio.Android\Services\AndroidToolsBuildService.cs:line 114
   at Xamarin.VisualStudio.Android.CommandHandlers.DeployCommandHandler.ExecuteDeploy(Project project, IMonoAndroidDevice device, IAndroidProjectProperties projectProperties, IProgressReport progress, Boolean runInProc, CancellationToken cancellationToken) in C:\d\lanes\4699\c8715752\source\xamarinvs\src\Core\VisualStudio.Android\CommandHandlers\DeployCommandHandler.cs:line 150
   at Xamarin.VisualStudio.Android.CommandHandlers.DeployCommandHandler.Execute(DeployCommand command, IProgressReport progress, CancellationToken cancellationToken) in C:\d\lanes\4699\c8715752\source\xamarinvs\src\Core\VisualStudio.Android\CommandHandlers\DeployCommandHandler.cs:line 116
   at Xamarin.VisualStudio.Commands.CommandHandlerBase`2.Execute(TCommand command, CancellationToken cancellationToken)|2018-04-06 02:08:56Z
Xamarin.VisualStudio.Android.MonoAndroidFlavoredProject|Error|0|Error no especificado (Exception from HRESULT: 0x80004005 (E_FAIL))
System.Runtime.InteropServices.COMException (0x80004005): Error no especificado (Exception from HRESULT: 0x80004005 (E_FAIL))
   at System.Runtime.InteropServices.Marshal.ThrowExceptionForHRInternal(Int32 errorCode, IntPtr errorInfo)
   at Microsoft.VisualStudio.ErrorHandler.ThrowOnFailure(Int32 hr, Int32[] expectedHRFailure)
   at Microsoft.VisualStudio.Shell.Flavor.FlavoredProjectBase.GetGuidProperty(UInt32 itemId, Int32 propId)
   at Xamarin.VisualStudio.Android.MonoAndroidFlavoredProject.GetGuidProperty(UInt32 itemId, Int32 propId) in C:\d\lanes\4699\c8715752\source\xamarinvs\src\Core\VisualStudio.Android\ProjectSystem\MonoAndroidFlavoredProject.cs:line 335|2018-04-06 02:10:16Z
